[2024-09-02 16:18:52] INFO (NNIDataStore) Datastore initialization done
[2024-09-02 16:18:52] INFO (RestServer) RestServer start
[2024-09-02 16:18:52] WARNING (NNITensorboardManager) Tensorboard may not installed, if you want to use tensorboard, please check if tensorboard installed.
[2024-09-02 16:18:52] INFO (RestServer) RestServer base port is 8081
[2024-09-02 16:18:52] INFO (main) Rest server listening on: http://0.0.0.0:8081
[2024-09-02 16:18:53] INFO (NNIManager) Starting experiment: sjmCF6Py
[2024-09-02 16:18:53] INFO (NNIManager) Setup training service...
[2024-09-02 16:18:53] INFO (LocalTrainingService) Construct local machine training service.
[2024-09-02 16:18:53] INFO (NNIManager) Setup tuner...
[2024-09-02 16:18:53] INFO (NNIManager) Change NNIManager status from: INITIALIZED to: RUNNING
[2024-09-02 16:18:53] INFO (NNIManager) Add event listeners
[2024-09-02 16:18:53] INFO (LocalTrainingService) Run local machine training service.
[2024-09-02 16:18:59] INFO (NNIManager) NNIManager received command from dispatcher: ID, 
[2024-09-02 16:18:59] INFO (NNIManager) NNIManager received command from dispatcher: TR, {"parameter_id": 0, "parameter_source": "algorithm", "parameters": {"max_depth": 25, "min_child_weight": 6.718851155489446, "gamma": 0.1542776824596664, "colsample_bytree": 0.3582407810579558, "learning_rate": 0.1, "alpha": 0.2, "objective": "count:poisson", "num_boost_round": 100, "custom_metric": "roc_auc", "scale_factor": 5, "log_transform": "None", "early_stopping_rounds": 50}, "parameter_index": 0}
[2024-09-02 16:19:03] INFO (NNIManager) submitTrialJob: form: {
  sequenceId: 0,
  hyperParameters: {
    value: '{"parameter_id": 0, "parameter_source": "algorithm", "parameters": {"max_depth": 25, "min_child_weight": 6.718851155489446, "gamma": 0.1542776824596664, "colsample_bytree": 0.3582407810579558, "learning_rate": 0.1, "alpha": 0.2, "objective": "count:poisson", "num_boost_round": 100, "custom_metric": "roc_auc", "scale_factor": 5, "log_transform": "None", "early_stopping_rounds": 50}, "parameter_index": 0}',
    index: 0
  },
  placementConstraint: { type: 'None', gpus: [] }
}
[2024-09-02 16:19:08] INFO (NNIManager) Trial job saU7l status changed from WAITING to RUNNING
[2024-09-02 16:19:18] INFO (NNIManager) Trial job saU7l status changed from RUNNING to FAILED
[2024-09-02 16:19:18] INFO (NNIManager) NNIManager received command from dispatcher: TR, {"parameter_id": 1, "parameter_source": "algorithm", "parameters": {"max_depth": 4, "min_child_weight": 3.8945959862606516, "gamma": 0.27032671823702215, "colsample_bytree": 0.6079818031894778, "learning_rate": 0.05, "alpha": 0.1, "objective": "reg:squarederror", "num_boost_round": 400, "custom_metric": "prerec_auc", "scale_factor": 10, "log_transform": "log10", "early_stopping_rounds": 50}, "parameter_index": 0}
[2024-09-02 16:19:23] INFO (NNIManager) submitTrialJob: form: {
  sequenceId: 1,
  hyperParameters: {
    value: '{"parameter_id": 1, "parameter_source": "algorithm", "parameters": {"max_depth": 4, "min_child_weight": 3.8945959862606516, "gamma": 0.27032671823702215, "colsample_bytree": 0.6079818031894778, "learning_rate": 0.05, "alpha": 0.1, "objective": "reg:squarederror", "num_boost_round": 400, "custom_metric": "prerec_auc", "scale_factor": 10, "log_transform": "log10", "early_stopping_rounds": 50}, "parameter_index": 0}',
    index: 0
  },
  placementConstraint: { type: 'None', gpus: [] }
}
[2024-09-02 16:19:28] INFO (NNIManager) Trial job GqCvc status changed from WAITING to RUNNING
[2024-09-02 16:19:39] INFO (NNIManager) Trial job GqCvc status changed from RUNNING to FAILED
[2024-09-02 16:19:39] INFO (NNIManager) NNIManager received command from dispatcher: TR, {"parameter_id": 2, "parameter_source": "algorithm", "parameters": {"max_depth": 3, "min_child_weight": 9.103830595020693, "gamma": 0.4270950839765668, "colsample_bytree": 0.29591473656857703, "learning_rate": 0.2, "alpha": 0.05, "objective": "count:poisson", "num_boost_round": 400, "custom_metric": "roc_auc", "scale_factor": 5, "log_transform": "log2", "early_stopping_rounds": 400}, "parameter_index": 0}
[2024-09-02 16:19:43] INFO (NNIManager) Change NNIManager status from: RUNNING to: STOPPING
[2024-09-02 16:19:43] INFO (NNIManager) Stopping experiment, cleaning up ...
[2024-09-02 16:19:45] INFO (LocalTrainingService) Stopping local machine training service...
[2024-09-02 16:19:45] INFO (NNIManager) Change NNIManager status from: STOPPING to: STOPPED
[2024-09-02 16:19:45] INFO (NNIManager) Experiment stopped.
[2024-09-02 16:19:45] INFO (NNITensorboardManager) Forced stopping all tensorboard task.
[2024-09-02 16:19:45] INFO (NNITensorboardManager) All tensorboard task stopped.
[2024-09-02 16:19:45] INFO (NNITensorboardManager) Tensorboard manager stopped.
