[2024-09-02 16:19:50] INFO (NNIDataStore) Datastore initialization done
[2024-09-02 16:19:50] INFO (RestServer) RestServer start
[2024-09-02 16:19:50] WARNING (NNITensorboardManager) Tensorboard may not installed, if you want to use tensorboard, please check if tensorboard installed.
[2024-09-02 16:19:50] INFO (RestServer) RestServer base port is 8081
[2024-09-02 16:19:50] INFO (main) Rest server listening on: http://0.0.0.0:8081
[2024-09-02 16:19:50] INFO (NNIManager) Starting experiment: 4iSzQldW
[2024-09-02 16:19:50] INFO (NNIManager) Setup training service...
[2024-09-02 16:19:50] INFO (LocalTrainingService) Construct local machine training service.
[2024-09-02 16:19:50] INFO (NNIManager) Setup tuner...
[2024-09-02 16:19:50] INFO (NNIManager) Change NNIManager status from: INITIALIZED to: RUNNING
[2024-09-02 16:19:50] INFO (NNIManager) Add event listeners
[2024-09-02 16:19:50] INFO (LocalTrainingService) Run local machine training service.
[2024-09-02 16:19:56] INFO (NNIManager) NNIManager received command from dispatcher: ID, 
[2024-09-02 16:19:56] INFO (NNIManager) NNIManager received command from dispatcher: TR, {"parameter_id": 0, "parameter_source": "algorithm", "parameters": {"max_depth": 4, "min_child_weight": 3.2411000838312476, "gamma": 0.17530115370192012, "colsample_bytree": 0.3605289888330933, "learning_rate": 0.2, "alpha": 0.1, "objective": "count:poisson", "num_boost_round": 800, "custom_metric": "roc_auc", "scale_factor": 10, "log_transform": "log10", "early_stopping_rounds": 100}, "parameter_index": 0}
[2024-09-02 16:20:00] INFO (NNIManager) submitTrialJob: form: {
  sequenceId: 0,
  hyperParameters: {
    value: '{"parameter_id": 0, "parameter_source": "algorithm", "parameters": {"max_depth": 4, "min_child_weight": 3.2411000838312476, "gamma": 0.17530115370192012, "colsample_bytree": 0.3605289888330933, "learning_rate": 0.2, "alpha": 0.1, "objective": "count:poisson", "num_boost_round": 800, "custom_metric": "roc_auc", "scale_factor": 10, "log_transform": "log10", "early_stopping_rounds": 100}, "parameter_index": 0}',
    index: 0
  },
  placementConstraint: { type: 'None', gpus: [] }
}
[2024-09-02 16:20:06] INFO (NNIManager) Trial job F0DcY status changed from WAITING to RUNNING
[2024-09-02 16:20:26] INFO (NNIManager) Trial job F0DcY status changed from RUNNING to SUCCEEDED
[2024-09-02 16:20:26] INFO (NNIManager) NNIManager received command from dispatcher: TR, {"parameter_id": 1, "parameter_source": "algorithm", "parameters": {"max_depth": 50, "min_child_weight": 4.079337188552106, "gamma": 0.19696254629556575, "colsample_bytree": 0.8456926708505279, "learning_rate": 0.1, "alpha": 0.1, "objective": "reg:squarederror", "num_boost_round": 800, "custom_metric": "prerec_auc", "scale_factor": 5, "log_transform": "log10", "early_stopping_rounds": 100}, "parameter_index": 0}
[2024-09-02 16:20:31] INFO (NNIManager) submitTrialJob: form: {
  sequenceId: 1,
  hyperParameters: {
    value: '{"parameter_id": 1, "parameter_source": "algorithm", "parameters": {"max_depth": 50, "min_child_weight": 4.079337188552106, "gamma": 0.19696254629556575, "colsample_bytree": 0.8456926708505279, "learning_rate": 0.1, "alpha": 0.1, "objective": "reg:squarederror", "num_boost_round": 800, "custom_metric": "prerec_auc", "scale_factor": 5, "log_transform": "log10", "early_stopping_rounds": 100}, "parameter_index": 0}',
    index: 0
  },
  placementConstraint: { type: 'None', gpus: [] }
}
[2024-09-02 16:20:36] INFO (NNIManager) Trial job vieqf status changed from WAITING to RUNNING
[2024-09-02 16:20:56] INFO (NNIManager) Trial job vieqf status changed from RUNNING to SUCCEEDED
[2024-09-02 16:20:56] INFO (NNIManager) NNIManager received command from dispatcher: TR, {"parameter_id": 2, "parameter_source": "algorithm", "parameters": {"max_depth": 3, "min_child_weight": 5.92779823983285, "gamma": 0.0006559675825801303, "colsample_bytree": 0.3738968012623568, "learning_rate": 0.2, "alpha": 0.2, "objective": "count:poisson", "num_boost_round": 800, "custom_metric": "prerec_auc", "scale_factor": 10, "log_transform": "log2", "early_stopping_rounds": 50}, "parameter_index": 0}
[2024-09-02 16:21:01] INFO (NNIManager) submitTrialJob: form: {
  sequenceId: 2,
  hyperParameters: {
    value: '{"parameter_id": 2, "parameter_source": "algorithm", "parameters": {"max_depth": 3, "min_child_weight": 5.92779823983285, "gamma": 0.0006559675825801303, "colsample_bytree": 0.3738968012623568, "learning_rate": 0.2, "alpha": 0.2, "objective": "count:poisson", "num_boost_round": 800, "custom_metric": "prerec_auc", "scale_factor": 10, "log_transform": "log2", "early_stopping_rounds": 50}, "parameter_index": 0}',
    index: 0
  },
  placementConstraint: { type: 'None', gpus: [] }
}
[2024-09-02 16:21:06] INFO (NNIManager) Trial job ugLQv status changed from WAITING to RUNNING
[2024-09-02 16:21:26] INFO (NNIManager) Trial job ugLQv status changed from RUNNING to SUCCEEDED
[2024-09-02 16:21:26] INFO (NNIManager) NNIManager received command from dispatcher: TR, {"parameter_id": 3, "parameter_source": "algorithm", "parameters": {"max_depth": 2, "min_child_weight": 4.266278863094195, "gamma": 0.06971714657045858, "colsample_bytree": 0.4926760289127556, "learning_rate": 0.2, "alpha": 0.05, "objective": "count:poisson", "num_boost_round": 400, "custom_metric": "roc_auc", "scale_factor": 25, "log_transform": "None", "early_stopping_rounds": 100}, "parameter_index": 0}
[2024-09-02 16:21:31] INFO (NNIManager) submitTrialJob: form: {
  sequenceId: 3,
  hyperParameters: {
    value: '{"parameter_id": 3, "parameter_source": "algorithm", "parameters": {"max_depth": 2, "min_child_weight": 4.266278863094195, "gamma": 0.06971714657045858, "colsample_bytree": 0.4926760289127556, "learning_rate": 0.2, "alpha": 0.05, "objective": "count:poisson", "num_boost_round": 400, "custom_metric": "roc_auc", "scale_factor": 25, "log_transform": "None", "early_stopping_rounds": 100}, "parameter_index": 0}',
    index: 0
  },
  placementConstraint: { type: 'None', gpus: [] }
}
[2024-09-02 16:21:37] INFO (NNIManager) Trial job PsJHP status changed from WAITING to RUNNING
[2024-09-02 16:21:57] INFO (NNIManager) Trial job PsJHP status changed from RUNNING to SUCCEEDED
[2024-09-02 16:21:57] INFO (NNIManager) NNIManager received command from dispatcher: TR, {"parameter_id": 4, "parameter_source": "algorithm", "parameters": {"max_depth": 100, "min_child_weight": 5.227059482285783, "gamma": 0.26466642355186065, "colsample_bytree": 0.39249837336556903, "learning_rate": 0.2, "alpha": 0.01, "objective": "reg:squaredlogerror", "num_boost_round": 400, "custom_metric": "prerec_auc", "scale_factor": 1, "log_transform": "log10", "early_stopping_rounds": 50}, "parameter_index": 0}
[2024-09-02 16:22:02] INFO (NNIManager) submitTrialJob: form: {
  sequenceId: 4,
  hyperParameters: {
    value: '{"parameter_id": 4, "parameter_source": "algorithm", "parameters": {"max_depth": 100, "min_child_weight": 5.227059482285783, "gamma": 0.26466642355186065, "colsample_bytree": 0.39249837336556903, "learning_rate": 0.2, "alpha": 0.01, "objective": "reg:squaredlogerror", "num_boost_round": 400, "custom_metric": "prerec_auc", "scale_factor": 1, "log_transform": "log10", "early_stopping_rounds": 50}, "parameter_index": 0}',
    index: 0
  },
  placementConstraint: { type: 'None', gpus: [] }
}
[2024-09-02 16:22:07] INFO (NNIManager) Trial job WCTVu status changed from WAITING to RUNNING
[2024-09-02 16:22:09] INFO (NNIManager) Change NNIManager status from: RUNNING to: STOPPING
[2024-09-02 16:22:09] INFO (NNIManager) Stopping experiment, cleaning up ...
[2024-09-02 16:22:13] INFO (NNIManager) cancelTrialJob: WCTVu
[2024-09-02 16:22:14] INFO (LocalTrainingService) Stopping local machine training service...
[2024-09-02 16:22:14] INFO (NNIManager) Change NNIManager status from: STOPPING to: STOPPED
[2024-09-02 16:22:14] INFO (NNIManager) Experiment stopped.
[2024-09-02 16:22:14] INFO (NNITensorboardManager) Forced stopping all tensorboard task.
[2024-09-02 16:22:14] INFO (NNITensorboardManager) All tensorboard task stopped.
[2024-09-02 16:22:14] INFO (NNITensorboardManager) Tensorboard manager stopped.
