[2024-09-02 16:18:08] INFO (NNIDataStore) Datastore initialization done
[2024-09-02 16:18:08] INFO (RestServer) RestServer start
[2024-09-02 16:18:08] WARNING (NNITensorboardManager) Tensorboard may not installed, if you want to use tensorboard, please check if tensorboard installed.
[2024-09-02 16:18:08] INFO (RestServer) RestServer base port is 8081
[2024-09-02 16:18:08] INFO (main) Rest server listening on: http://0.0.0.0:8081
[2024-09-02 16:18:09] INFO (NNIManager) Starting experiment: KVsF6CtR
[2024-09-02 16:18:09] INFO (NNIManager) Setup training service...
[2024-09-02 16:18:09] INFO (LocalTrainingService) Construct local machine training service.
[2024-09-02 16:18:09] INFO (NNIManager) Setup tuner...
[2024-09-02 16:18:09] INFO (NNIManager) Change NNIManager status from: INITIALIZED to: RUNNING
[2024-09-02 16:18:09] INFO (NNIManager) Add event listeners
[2024-09-02 16:18:09] INFO (LocalTrainingService) Run local machine training service.
[2024-09-02 16:18:14] INFO (NNIManager) NNIManager received command from dispatcher: ID, 
[2024-09-02 16:18:14] INFO (NNIManager) NNIManager received command from dispatcher: TR, {"parameter_id": 0, "parameter_source": "algorithm", "parameters": {"max_depth": 9, "min_child_weight": 4.596042977282141, "gamma": 0.0764123277901314, "colsample_bytree": 0.44851628031613017, "learning_rate": 0.2, "alpha": 0.1, "objective": "count:poisson", "num_boost_round": 800, "custom_metric": "prerec_auc", "scale_factor": 5, "log_transform": "None", "early_stopping_rounds": 100}, "parameter_index": 0}
[2024-09-02 16:18:14] INFO (NNIManager) NNIManager received command from dispatcher: TR, {"parameter_id": 1, "parameter_source": "algorithm", "parameters": {"max_depth": 9, "min_child_weight": 5.4647502509027985, "gamma": 0.10498555118483593, "colsample_bytree": 0.6733493321396391, "learning_rate": 0.05, "alpha": 0.01, "objective": "reg:squaredlogerror", "num_boost_round": 400, "custom_metric": "roc_auc", "scale_factor": 5, "log_transform": "log2", "early_stopping_rounds": 400}, "parameter_index": 0}
[2024-09-02 16:18:14] INFO (NNIManager) NNIManager received command from dispatcher: TR, {"parameter_id": 2, "parameter_source": "algorithm", "parameters": {"max_depth": 50, "min_child_weight": 8.720965314284845, "gamma": 0.43467143004613595, "colsample_bytree": 0.7038258278813834, "learning_rate": 0.2, "alpha": 0.01, "objective": "reg:squarederror", "num_boost_round": 400, "custom_metric": "roc_auc", "scale_factor": 1, "log_transform": "log10", "early_stopping_rounds": 100}, "parameter_index": 0}
[2024-09-02 16:18:14] INFO (NNIManager) NNIManager received command from dispatcher: TR, {"parameter_id": 3, "parameter_source": "algorithm", "parameters": {"max_depth": 5, "min_child_weight": 6.195207708440262, "gamma": 0.1929879125610418, "colsample_bytree": 0.7427331969274279, "learning_rate": 0.01, "alpha": 0.1, "objective": "count:poisson", "num_boost_round": 100, "custom_metric": "roc_auc", "scale_factor": 5, "log_transform": "None", "early_stopping_rounds": 100}, "parameter_index": 0}
[2024-09-02 16:18:14] INFO (NNIManager) NNIManager received command from dispatcher: TR, {"parameter_id": 4, "parameter_source": "algorithm", "parameters": {"max_depth": 2, "min_child_weight": 9.535909320458206, "gamma": 0.12386254024734905, "colsample_bytree": 0.993139411216733, "learning_rate": 0.2, "alpha": 0.2, "objective": "reg:squaredlogerror", "num_boost_round": 100, "custom_metric": "roc_auc", "scale_factor": 1, "log_transform": "log10", "early_stopping_rounds": 200}, "parameter_index": 0}
[2024-09-02 16:18:14] INFO (NNIManager) NNIManager received command from dispatcher: TR, {"parameter_id": 5, "parameter_source": "algorithm", "parameters": {"max_depth": 2, "min_child_weight": 7.095568489177081, "gamma": 0.11934744499640365, "colsample_bytree": 0.6530103069873665, "learning_rate": 0.1, "alpha": 0.05, "objective": "count:poisson", "num_boost_round": 800, "custom_metric": "roc_auc", "scale_factor": 2, "log_transform": "log2", "early_stopping_rounds": 100}, "parameter_index": 0}
[2024-09-02 16:18:14] INFO (NNIManager) NNIManager received command from dispatcher: TR, {"parameter_id": 6, "parameter_source": "algorithm", "parameters": {"max_depth": 100, "min_child_weight": 2.8841001625907356, "gamma": 0.18221061813726142, "colsample_bytree": 0.3050370877557563, "learning_rate": 0.05, "alpha": 0.1, "objective": "count:poisson", "num_boost_round": 400, "custom_metric": "roc_auc", "scale_factor": 5, "log_transform": "None", "early_stopping_rounds": 200}, "parameter_index": 0}
[2024-09-02 16:18:14] INFO (NNIManager) NNIManager received command from dispatcher: TR, {"parameter_id": 7, "parameter_source": "algorithm", "parameters": {"max_depth": 25, "min_child_weight": 2.388377349253268, "gamma": 0.26204591549031403, "colsample_bytree": 0.8701536187660196, "learning_rate": 0.2, "alpha": 0.2, "objective": "count:poisson", "num_boost_round": 200, "custom_metric": "roc_auc", "scale_factor": 1, "log_transform": "log2", "early_stopping_rounds": 200}, "parameter_index": 0}
[2024-09-02 16:18:14] INFO (NNIManager) NNIManager received command from dispatcher: TR, {"parameter_id": 8, "parameter_source": "algorithm", "parameters": {"max_depth": 4, "min_child_weight": 7.409510963707293, "gamma": 0.03661234095910948, "colsample_bytree": 0.5791278282419539, "learning_rate": 0.1, "alpha": 0.01, "objective": "reg:squaredlogerror", "num_boost_round": 800, "custom_metric": "prerec_auc", "scale_factor": 2, "log_transform": "log2", "early_stopping_rounds": 400}, "parameter_index": 0}
[2024-09-02 16:18:14] INFO (NNIManager) NNIManager received command from dispatcher: TR, {"parameter_id": 9, "parameter_source": "algorithm", "parameters": {"max_depth": 5, "min_child_weight": 7.400765231315626, "gamma": 0.10160109473828755, "colsample_bytree": 0.4169845249920784, "learning_rate": 0.2, "alpha": 0.1, "objective": "reg:squarederror", "num_boost_round": 200, "custom_metric": "roc_auc", "scale_factor": 10, "log_transform": "log2", "early_stopping_rounds": 200}, "parameter_index": 0}
[2024-09-02 16:18:14] INFO (NNIManager) NNIManager received command from dispatcher: TR, {"parameter_id": 10, "parameter_source": "algorithm", "parameters": {"max_depth": 3, "min_child_weight": 4.304935598254131, "gamma": 0.14861636336369966, "colsample_bytree": 0.2927652404023118, "learning_rate": 0.1, "alpha": 0.01, "objective": "count:poisson", "num_boost_round": 800, "custom_metric": "roc_auc", "scale_factor": 2, "log_transform": "log2", "early_stopping_rounds": 50}, "parameter_index": 0}
[2024-09-02 16:18:14] INFO (NNIManager) NNIManager received command from dispatcher: TR, {"parameter_id": 11, "parameter_source": "algorithm", "parameters": {"max_depth": 25, "min_child_weight": 2.969645548153844, "gamma": 0.4318355538364296, "colsample_bytree": 0.7688948193363234, "learning_rate": 0.05, "alpha": 0.1, "objective": "reg:squaredlogerror", "num_boost_round": 100, "custom_metric": "prerec_auc", "scale_factor": 2, "log_transform": "log10", "early_stopping_rounds": 200}, "parameter_index": 0}
[2024-09-02 16:18:14] INFO (NNIManager) NNIManager received command from dispatcher: TR, {"parameter_id": 12, "parameter_source": "algorithm", "parameters": {"max_depth": 3, "min_child_weight": 5.415280685805272, "gamma": 0.3438574648372141, "colsample_bytree": 0.7984290469834855, "learning_rate": 0.2, "alpha": 0.2, "objective": "reg:squaredlogerror", "num_boost_round": 100, "custom_metric": "prerec_auc", "scale_factor": 1, "log_transform": "log2", "early_stopping_rounds": 100}, "parameter_index": 0}
[2024-09-02 16:18:14] INFO (NNIManager) NNIManager received command from dispatcher: TR, {"parameter_id": 13, "parameter_source": "algorithm", "parameters": {"max_depth": 5, "min_child_weight": 4.386177200968001, "gamma": 0.37462900115310926, "colsample_bytree": 0.28738550965590504, "learning_rate": 0.1, "alpha": 0.05, "objective": "count:poisson", "num_boost_round": 100, "custom_metric": "prerec_auc", "scale_factor": 5, "log_transform": "log2", "early_stopping_rounds": 400}, "parameter_index": 0}
[2024-09-02 16:18:14] INFO (NNIManager) NNIManager received command from dispatcher: TR, {"parameter_id": 14, "parameter_source": "algorithm", "parameters": {"max_depth": 2, "min_child_weight": 6.127867737435595, "gamma": 0.05305620165303737, "colsample_bytree": 0.6643229433729382, "learning_rate": 0.1, "alpha": 0.01, "objective": "reg:squarederror", "num_boost_round": 400, "custom_metric": "prerec_auc", "scale_factor": 1, "log_transform": "None", "early_stopping_rounds": 400}, "parameter_index": 0}
[2024-09-02 16:18:19] INFO (NNIManager) submitTrialJob: form: {
  sequenceId: 0,
  hyperParameters: {
    value: '{"parameter_id": 0, "parameter_source": "algorithm", "parameters": {"max_depth": 9, "min_child_weight": 4.596042977282141, "gamma": 0.0764123277901314, "colsample_bytree": 0.44851628031613017, "learning_rate": 0.2, "alpha": 0.1, "objective": "count:poisson", "num_boost_round": 800, "custom_metric": "prerec_auc", "scale_factor": 5, "log_transform": "None", "early_stopping_rounds": 100}, "parameter_index": 0}',
    index: 0
  },
  placementConstraint: { type: 'None', gpus: [] }
}
[2024-09-02 16:18:19] INFO (NNIManager) submitTrialJob: form: {
  sequenceId: 1,
  hyperParameters: {
    value: '{"parameter_id": 1, "parameter_source": "algorithm", "parameters": {"max_depth": 9, "min_child_weight": 5.4647502509027985, "gamma": 0.10498555118483593, "colsample_bytree": 0.6733493321396391, "learning_rate": 0.05, "alpha": 0.01, "objective": "reg:squaredlogerror", "num_boost_round": 400, "custom_metric": "roc_auc", "scale_factor": 5, "log_transform": "log2", "early_stopping_rounds": 400}, "parameter_index": 0}',
    index: 0
  },
  placementConstraint: { type: 'None', gpus: [] }
}
[2024-09-02 16:18:19] INFO (NNIManager) submitTrialJob: form: {
  sequenceId: 2,
  hyperParameters: {
    value: '{"parameter_id": 2, "parameter_source": "algorithm", "parameters": {"max_depth": 50, "min_child_weight": 8.720965314284845, "gamma": 0.43467143004613595, "colsample_bytree": 0.7038258278813834, "learning_rate": 0.2, "alpha": 0.01, "objective": "reg:squarederror", "num_boost_round": 400, "custom_metric": "roc_auc", "scale_factor": 1, "log_transform": "log10", "early_stopping_rounds": 100}, "parameter_index": 0}',
    index: 0
  },
  placementConstraint: { type: 'None', gpus: [] }
}
[2024-09-02 16:18:19] INFO (NNIManager) submitTrialJob: form: {
  sequenceId: 3,
  hyperParameters: {
    value: '{"parameter_id": 3, "parameter_source": "algorithm", "parameters": {"max_depth": 5, "min_child_weight": 6.195207708440262, "gamma": 0.1929879125610418, "colsample_bytree": 0.7427331969274279, "learning_rate": 0.01, "alpha": 0.1, "objective": "count:poisson", "num_boost_round": 100, "custom_metric": "roc_auc", "scale_factor": 5, "log_transform": "None", "early_stopping_rounds": 100}, "parameter_index": 0}',
    index: 0
  },
  placementConstraint: { type: 'None', gpus: [] }
}
[2024-09-02 16:18:20] INFO (NNIManager) submitTrialJob: form: {
  sequenceId: 4,
  hyperParameters: {
    value: '{"parameter_id": 4, "parameter_source": "algorithm", "parameters": {"max_depth": 2, "min_child_weight": 9.535909320458206, "gamma": 0.12386254024734905, "colsample_bytree": 0.993139411216733, "learning_rate": 0.2, "alpha": 0.2, "objective": "reg:squaredlogerror", "num_boost_round": 100, "custom_metric": "roc_auc", "scale_factor": 1, "log_transform": "log10", "early_stopping_rounds": 200}, "parameter_index": 0}',
    index: 0
  },
  placementConstraint: { type: 'None', gpus: [] }
}
[2024-09-02 16:18:20] INFO (NNIManager) submitTrialJob: form: {
  sequenceId: 5,
  hyperParameters: {
    value: '{"parameter_id": 5, "parameter_source": "algorithm", "parameters": {"max_depth": 2, "min_child_weight": 7.095568489177081, "gamma": 0.11934744499640365, "colsample_bytree": 0.6530103069873665, "learning_rate": 0.1, "alpha": 0.05, "objective": "count:poisson", "num_boost_round": 800, "custom_metric": "roc_auc", "scale_factor": 2, "log_transform": "log2", "early_stopping_rounds": 100}, "parameter_index": 0}',
    index: 0
  },
  placementConstraint: { type: 'None', gpus: [] }
}
[2024-09-02 16:18:20] INFO (NNIManager) submitTrialJob: form: {
  sequenceId: 6,
  hyperParameters: {
    value: '{"parameter_id": 6, "parameter_source": "algorithm", "parameters": {"max_depth": 100, "min_child_weight": 2.8841001625907356, "gamma": 0.18221061813726142, "colsample_bytree": 0.3050370877557563, "learning_rate": 0.05, "alpha": 0.1, "objective": "count:poisson", "num_boost_round": 400, "custom_metric": "roc_auc", "scale_factor": 5, "log_transform": "None", "early_stopping_rounds": 200}, "parameter_index": 0}',
    index: 0
  },
  placementConstraint: { type: 'None', gpus: [] }
}
[2024-09-02 16:18:20] INFO (NNIManager) submitTrialJob: form: {
  sequenceId: 7,
  hyperParameters: {
    value: '{"parameter_id": 7, "parameter_source": "algorithm", "parameters": {"max_depth": 25, "min_child_weight": 2.388377349253268, "gamma": 0.26204591549031403, "colsample_bytree": 0.8701536187660196, "learning_rate": 0.2, "alpha": 0.2, "objective": "count:poisson", "num_boost_round": 200, "custom_metric": "roc_auc", "scale_factor": 1, "log_transform": "log2", "early_stopping_rounds": 200}, "parameter_index": 0}',
    index: 0
  },
  placementConstraint: { type: 'None', gpus: [] }
}
[2024-09-02 16:18:20] INFO (NNIManager) submitTrialJob: form: {
  sequenceId: 8,
  hyperParameters: {
    value: '{"parameter_id": 8, "parameter_source": "algorithm", "parameters": {"max_depth": 4, "min_child_weight": 7.409510963707293, "gamma": 0.03661234095910948, "colsample_bytree": 0.5791278282419539, "learning_rate": 0.1, "alpha": 0.01, "objective": "reg:squaredlogerror", "num_boost_round": 800, "custom_metric": "prerec_auc", "scale_factor": 2, "log_transform": "log2", "early_stopping_rounds": 400}, "parameter_index": 0}',
    index: 0
  },
  placementConstraint: { type: 'None', gpus: [] }
}
[2024-09-02 16:18:20] INFO (NNIManager) submitTrialJob: form: {
  sequenceId: 9,
  hyperParameters: {
    value: '{"parameter_id": 9, "parameter_source": "algorithm", "parameters": {"max_depth": 5, "min_child_weight": 7.400765231315626, "gamma": 0.10160109473828755, "colsample_bytree": 0.4169845249920784, "learning_rate": 0.2, "alpha": 0.1, "objective": "reg:squarederror", "num_boost_round": 200, "custom_metric": "roc_auc", "scale_factor": 10, "log_transform": "log2", "early_stopping_rounds": 200}, "parameter_index": 0}',
    index: 0
  },
  placementConstraint: { type: 'None', gpus: [] }
}
[2024-09-02 16:18:20] INFO (NNIManager) submitTrialJob: form: {
  sequenceId: 10,
  hyperParameters: {
    value: '{"parameter_id": 10, "parameter_source": "algorithm", "parameters": {"max_depth": 3, "min_child_weight": 4.304935598254131, "gamma": 0.14861636336369966, "colsample_bytree": 0.2927652404023118, "learning_rate": 0.1, "alpha": 0.01, "objective": "count:poisson", "num_boost_round": 800, "custom_metric": "roc_auc", "scale_factor": 2, "log_transform": "log2", "early_stopping_rounds": 50}, "parameter_index": 0}',
    index: 0
  },
  placementConstraint: { type: 'None', gpus: [] }
}
[2024-09-02 16:18:20] INFO (NNIManager) submitTrialJob: form: {
  sequenceId: 11,
  hyperParameters: {
    value: '{"parameter_id": 11, "parameter_source": "algorithm", "parameters": {"max_depth": 25, "min_child_weight": 2.969645548153844, "gamma": 0.4318355538364296, "colsample_bytree": 0.7688948193363234, "learning_rate": 0.05, "alpha": 0.1, "objective": "reg:squaredlogerror", "num_boost_round": 100, "custom_metric": "prerec_auc", "scale_factor": 2, "log_transform": "log10", "early_stopping_rounds": 200}, "parameter_index": 0}',
    index: 0
  },
  placementConstraint: { type: 'None', gpus: [] }
}
[2024-09-02 16:18:20] INFO (NNIManager) submitTrialJob: form: {
  sequenceId: 12,
  hyperParameters: {
    value: '{"parameter_id": 12, "parameter_source": "algorithm", "parameters": {"max_depth": 3, "min_child_weight": 5.415280685805272, "gamma": 0.3438574648372141, "colsample_bytree": 0.7984290469834855, "learning_rate": 0.2, "alpha": 0.2, "objective": "reg:squaredlogerror", "num_boost_round": 100, "custom_metric": "prerec_auc", "scale_factor": 1, "log_transform": "log2", "early_stopping_rounds": 100}, "parameter_index": 0}',
    index: 0
  },
  placementConstraint: { type: 'None', gpus: [] }
}
[2024-09-02 16:18:21] INFO (NNIManager) submitTrialJob: form: {
  sequenceId: 13,
  hyperParameters: {
    value: '{"parameter_id": 13, "parameter_source": "algorithm", "parameters": {"max_depth": 5, "min_child_weight": 4.386177200968001, "gamma": 0.37462900115310926, "colsample_bytree": 0.28738550965590504, "learning_rate": 0.1, "alpha": 0.05, "objective": "count:poisson", "num_boost_round": 100, "custom_metric": "prerec_auc", "scale_factor": 5, "log_transform": "log2", "early_stopping_rounds": 400}, "parameter_index": 0}',
    index: 0
  },
  placementConstraint: { type: 'None', gpus: [] }
}
[2024-09-02 16:18:21] INFO (NNIManager) submitTrialJob: form: {
  sequenceId: 14,
  hyperParameters: {
    value: '{"parameter_id": 14, "parameter_source": "algorithm", "parameters": {"max_depth": 2, "min_child_weight": 6.127867737435595, "gamma": 0.05305620165303737, "colsample_bytree": 0.6643229433729382, "learning_rate": 0.1, "alpha": 0.01, "objective": "reg:squarederror", "num_boost_round": 400, "custom_metric": "prerec_auc", "scale_factor": 1, "log_transform": "None", "early_stopping_rounds": 400}, "parameter_index": 0}',
    index: 0
  },
  placementConstraint: { type: 'None', gpus: [] }
}
[2024-09-02 16:18:26] INFO (NNIManager) Trial job m3QgJ status changed from WAITING to RUNNING
[2024-09-02 16:18:26] INFO (NNIManager) Trial job LsqnC status changed from WAITING to RUNNING
[2024-09-02 16:18:26] INFO (NNIManager) Trial job SH7Vu status changed from WAITING to RUNNING
[2024-09-02 16:18:27] INFO (NNIManager) Trial job FHKjB status changed from WAITING to RUNNING
[2024-09-02 16:18:27] INFO (NNIManager) Trial job V8ZLd status changed from WAITING to RUNNING
[2024-09-02 16:18:27] INFO (NNIManager) Trial job nZpu8 status changed from WAITING to RUNNING
[2024-09-02 16:18:27] INFO (NNIManager) Trial job nOPZO status changed from WAITING to RUNNING
[2024-09-02 16:18:27] INFO (NNIManager) Trial job TBJyA status changed from WAITING to RUNNING
[2024-09-02 16:18:28] INFO (NNIManager) Trial job ijBtv status changed from WAITING to RUNNING
[2024-09-02 16:18:28] INFO (NNIManager) Trial job BGV0P status changed from WAITING to RUNNING
[2024-09-02 16:18:28] INFO (NNIManager) Trial job bpv0n status changed from WAITING to RUNNING
[2024-09-02 16:18:28] INFO (NNIManager) Trial job gL5j2 status changed from WAITING to RUNNING
[2024-09-02 16:18:28] INFO (NNIManager) Trial job hkIGf status changed from WAITING to RUNNING
[2024-09-02 16:18:28] INFO (NNIManager) Trial job aW70c status changed from WAITING to RUNNING
[2024-09-02 16:18:29] INFO (NNIManager) Trial job aHZVt status changed from WAITING to RUNNING
[2024-09-02 16:18:39] INFO (NNIManager) Trial job nZpu8 status changed from RUNNING to FAILED
[2024-09-02 16:18:39] INFO (NNIManager) NNIManager received command from dispatcher: TR, {"parameter_id": 15, "parameter_source": "algorithm", "parameters": {"max_depth": 3, "min_child_weight": 5.519083541932235, "gamma": 0.1281072620674174, "colsample_bytree": 0.7649336007214198, "learning_rate": 0.2, "alpha": 0.05, "objective": "reg:squaredlogerror", "num_boost_round": 100, "custom_metric": "roc_auc", "scale_factor": 5, "log_transform": "log10", "early_stopping_rounds": 400}, "parameter_index": 0}
[2024-09-02 16:18:44] INFO (NNIManager) Trial job m3QgJ status changed from RUNNING to FAILED
[2024-09-02 16:18:45] INFO (NNIManager) Trial job LsqnC status changed from RUNNING to FAILED
[2024-09-02 16:18:45] INFO (NNIManager) Trial job SH7Vu status changed from RUNNING to FAILED
[2024-09-02 16:18:45] INFO (NNIManager) Trial job FHKjB status changed from RUNNING to FAILED
[2024-09-02 16:18:45] INFO (NNIManager) Trial job V8ZLd status changed from RUNNING to FAILED
[2024-09-02 16:18:45] INFO (NNIManager) Trial job nOPZO status changed from RUNNING to FAILED
[2024-09-02 16:18:45] INFO (NNIManager) Trial job TBJyA status changed from RUNNING to FAILED
[2024-09-02 16:18:45] INFO (NNIManager) Change NNIManager status from: RUNNING to: STOPPING
[2024-09-02 16:18:45] INFO (NNIManager) Stopping experiment, cleaning up ...
[2024-09-02 16:18:45] INFO (NNIManager) Trial job ijBtv status changed from RUNNING to FAILED
[2024-09-02 16:18:45] INFO (NNIManager) Trial job BGV0P status changed from RUNNING to FAILED
[2024-09-02 16:18:45] INFO (NNIManager) Trial job bpv0n status changed from RUNNING to FAILED
[2024-09-02 16:18:45] INFO (NNIManager) Trial job gL5j2 status changed from RUNNING to FAILED
[2024-09-02 16:18:45] INFO (NNIManager) Trial job hkIGf status changed from RUNNING to FAILED
[2024-09-02 16:18:46] INFO (NNIManager) Trial job aW70c status changed from RUNNING to FAILED
[2024-09-02 16:18:46] INFO (NNIManager) Trial job aHZVt status changed from RUNNING to FAILED
[2024-09-02 16:18:46] ERROR (NNIManager) AssertionError [ERR_ASSERTION]: Actual status: STOPPING
    at NNIManager.manageTrials (/root/.conda/envs/nni/lib/python3.10/site-packages/nni_node/core/nnimanager.js:565:29)
    at async Promise.all (index 3)
    at async NNIManager.run (/root/.conda/envs/nni/lib/python3.10/site-packages/nni_node/core/nnimanager.js:624:9)
[2024-09-02 16:18:46] INFO (NNIManager) Change NNIManager status from: STOPPING to: ERROR
[2024-09-02 16:18:48] ERROR (NNIManager) Dispatcher error: read ECONNRESET
[2024-09-02 16:18:48] ERROR (NNIManager) Error: Dispatcher stream error, tuner may have crashed.
    at EventEmitter.<anonymous> (/root/.conda/envs/nni/lib/python3.10/site-packages/nni_node/core/nnimanager.js:650:32)
    at EventEmitter.emit (node:events:394:28)
    at Socket.<anonymous> (/root/.conda/envs/nni/lib/python3.10/site-packages/nni_node/core/ipcInterface.js:70:72)
    at Socket.emit (node:events:394:28)
    at emitErrorNT (node:internal/streams/destroy:193:8)
    at emitErrorCloseNT (node:internal/streams/destroy:158:3)
    at processTicksAndRejections (node:internal/process/task_queues:83:21)
[2024-09-02 16:18:48] INFO (LocalTrainingService) Stopping local machine training service...
[2024-09-02 16:18:48] INFO (NNIManager) Change NNIManager status from: ERROR to: STOPPED
[2024-09-02 16:18:48] INFO (NNIManager) Experiment stopped.
[2024-09-02 16:18:48] INFO (NNITensorboardManager) Forced stopping all tensorboard task.
[2024-09-02 16:18:48] INFO (NNITensorboardManager) All tensorboard task stopped.
[2024-09-02 16:18:48] INFO (NNITensorboardManager) Tensorboard manager stopped.
