[2024-09-02 16:16:18] INFO (hyperopt.utils/MainThread) Failed to load dill, try installing dill via "pip install dill" for enhanced pickling support.
[2024-09-02 16:16:18] INFO (hyperopt.fmin/MainThread) Failed to load dill, try installing dill via "pip install dill" for enhanced pickling support.
[2024-09-02 16:16:20] INFO (nni.runtime.msg_dispatcher_base/MainThread) Dispatcher started
[2024-09-02 16:16:20] INFO (hyperopt.tpe/Thread-1 (command_queue_worker)) tpe_transform took 0.002627 seconds
[2024-09-02 16:16:20] INFO (hyperopt.tpe/Thread-1 (command_queue_worker)) TPE using 0 trials
[2024-09-02 16:16:20] INFO (hyperopt.tpe/Thread-1 (command_queue_worker)) tpe_transform took 0.002610 seconds
[2024-09-02 16:16:20] INFO (hyperopt.tpe/Thread-1 (command_queue_worker)) TPE using 0 trials
[2024-09-02 16:16:20] INFO (hyperopt.tpe/Thread-1 (command_queue_worker)) tpe_transform took 0.021918 seconds
[2024-09-02 16:16:20] INFO (hyperopt.tpe/Thread-1 (command_queue_worker)) TPE using 0 trials
[2024-09-02 16:16:20] INFO (hyperopt.tpe/Thread-1 (command_queue_worker)) tpe_transform took 0.002298 seconds
[2024-09-02 16:16:20] INFO (hyperopt.tpe/Thread-1 (command_queue_worker)) TPE using 0 trials
[2024-09-02 16:16:20] INFO (hyperopt.tpe/Thread-1 (command_queue_worker)) tpe_transform took 0.002267 seconds
[2024-09-02 16:16:20] INFO (hyperopt.tpe/Thread-1 (command_queue_worker)) TPE using 0 trials
[2024-09-02 16:16:20] INFO (hyperopt.tpe/Thread-1 (command_queue_worker)) tpe_transform took 0.002275 seconds
[2024-09-02 16:16:20] INFO (hyperopt.tpe/Thread-1 (command_queue_worker)) TPE using 0 trials
[2024-09-02 16:16:20] INFO (hyperopt.tpe/Thread-1 (command_queue_worker)) tpe_transform took 0.002306 seconds
[2024-09-02 16:16:20] INFO (hyperopt.tpe/Thread-1 (command_queue_worker)) TPE using 0 trials
[2024-09-02 16:16:20] INFO (hyperopt.tpe/Thread-1 (command_queue_worker)) tpe_transform took 0.002298 seconds
[2024-09-02 16:16:20] INFO (hyperopt.tpe/Thread-1 (command_queue_worker)) TPE using 0 trials
[2024-09-02 16:16:20] INFO (hyperopt.tpe/Thread-1 (command_queue_worker)) tpe_transform took 0.002291 seconds
[2024-09-02 16:16:20] INFO (hyperopt.tpe/Thread-1 (command_queue_worker)) TPE using 0 trials
[2024-09-02 16:16:20] INFO (hyperopt.tpe/Thread-1 (command_queue_worker)) tpe_transform took 0.002285 seconds
[2024-09-02 16:16:20] INFO (hyperopt.tpe/Thread-1 (command_queue_worker)) TPE using 0 trials
[2024-09-02 16:16:20] INFO (hyperopt.tpe/Thread-1 (command_queue_worker)) tpe_transform took 0.002273 seconds
[2024-09-02 16:16:20] INFO (hyperopt.tpe/Thread-1 (command_queue_worker)) TPE using 0 trials
[2024-09-02 16:16:20] INFO (hyperopt.tpe/Thread-1 (command_queue_worker)) tpe_transform took 0.002295 seconds
[2024-09-02 16:16:20] INFO (hyperopt.tpe/Thread-1 (command_queue_worker)) TPE using 0 trials
[2024-09-02 16:16:20] INFO (hyperopt.tpe/Thread-1 (command_queue_worker)) tpe_transform took 0.002284 seconds
[2024-09-02 16:16:20] INFO (hyperopt.tpe/Thread-1 (command_queue_worker)) TPE using 0 trials
[2024-09-02 16:16:20] INFO (hyperopt.tpe/Thread-1 (command_queue_worker)) tpe_transform took 0.002284 seconds
[2024-09-02 16:16:20] INFO (hyperopt.tpe/Thread-1 (command_queue_worker)) TPE using 0 trials
[2024-09-02 16:16:20] INFO (hyperopt.tpe/Thread-1 (command_queue_worker)) tpe_transform took 0.002283 seconds
[2024-09-02 16:16:20] INFO (hyperopt.tpe/Thread-1 (command_queue_worker)) TPE using 0 trials
[2024-09-02 16:17:58] INFO (nni.runtime.msg_dispatcher_base/MainThread) Dispatcher exiting...
[2024-09-02 16:18:01] INFO (nni.runtime.msg_dispatcher_base/MainThread) Dispatcher terminiated
